<?xml version="1.0" encoding="UTF-8"?>
<testsuite xmlns:xsi="http://www.w3.org/2001/XMLSchema-instance" xsi:noNamespaceSchemaLocation="https://maven.apache.org/surefire/maven-surefire-plugin/xsd/surefire-test-report-3.0.xsd" version="3.0" name="alt.backend.TodosOsRecursosTest" time="1.584" tests="7" errors="0" skipped="0" failures="0">
  <properties>
    <property name="sun.desktop" value="gnome"/>
    <property name="awt.toolkit" value="sun.awt.X11.XToolkit"/>
    <property name="java.specification.version" value="11"/>
    <property name="sun.cpu.isalist" value=""/>
    <property name="sun.jnu.encoding" value="UTF-8"/>
    <property name="java.class.path" value="/home/jhow/Documentos/Avaliação/backend/target/test-classes:/home/jhow/Documentos/Avaliação/backend/target/classes:/home/jhow/.m2/repository/org/postgresql/postgresql/42.2.12/postgresql-42.2.12.jar:/home/jhow/.m2/repository/com/google/code/gson/gson/2.8.6/gson-2.8.6.jar:/home/jhow/.m2/repository/io/vertx/vertx-lang-js/3.9.1/vertx-lang-js-3.9.1.jar:/home/jhow/.m2/repository/io/vertx/vertx-core/3.9.1/vertx-core-3.9.1.jar:/home/jhow/.m2/repository/io/netty/netty-common/4.1.49.Final/netty-common-4.1.49.Final.jar:/home/jhow/.m2/repository/io/netty/netty-buffer/4.1.49.Final/netty-buffer-4.1.49.Final.jar:/home/jhow/.m2/repository/io/netty/netty-transport/4.1.49.Final/netty-transport-4.1.49.Final.jar:/home/jhow/.m2/repository/io/netty/netty-handler/4.1.49.Final/netty-handler-4.1.49.Final.jar:/home/jhow/.m2/repository/io/netty/netty-codec/4.1.49.Final/netty-codec-4.1.49.Final.jar:/home/jhow/.m2/repository/io/netty/netty-handler-proxy/4.1.49.Final/netty-handler-proxy-4.1.49.Final.jar:/home/jhow/.m2/repository/io/netty/netty-codec-socks/4.1.49.Final/netty-codec-socks-4.1.49.Final.jar:/home/jhow/.m2/repository/io/netty/netty-codec-http/4.1.49.Final/netty-codec-http-4.1.49.Final.jar:/home/jhow/.m2/repository/io/netty/netty-codec-http2/4.1.49.Final/netty-codec-http2-4.1.49.Final.jar:/home/jhow/.m2/repository/io/netty/netty-resolver/4.1.49.Final/netty-resolver-4.1.49.Final.jar:/home/jhow/.m2/repository/io/netty/netty-resolver-dns/4.1.49.Final/netty-resolver-dns-4.1.49.Final.jar:/home/jhow/.m2/repository/io/netty/netty-codec-dns/4.1.49.Final/netty-codec-dns-4.1.49.Final.jar:/home/jhow/.m2/repository/com/fasterxml/jackson/core/jackson-core/2.10.2/jackson-core-2.10.2.jar:/home/jhow/.m2/repository/com/fasterxml/jackson/core/jackson-databind/2.10.2/jackson-databind-2.10.2.jar:/home/jhow/.m2/repository/com/fasterxml/jackson/core/jackson-annotations/2.10.2/jackson-annotations-2.10.2.jar:/home/jhow/.m2/repository/io/vertx/vertx-lang-js-gen/3.9.1/vertx-lang-js-gen-3.9.1.jar:/home/jhow/.m2/repository/javax/javaee-web-api/7.0/javaee-web-api-7.0.jar:/home/jhow/.m2/repository/io/vertx/vertx-web/3.8.3/vertx-web-3.8.3.jar:/home/jhow/.m2/repository/io/vertx/vertx-web-common/3.8.3/vertx-web-common-3.8.3.jar:/home/jhow/.m2/repository/io/vertx/vertx-auth-common/3.8.3/vertx-auth-common-3.8.3.jar:/home/jhow/.m2/repository/io/vertx/vertx-bridge-common/3.8.3/vertx-bridge-common-3.8.3.jar:/home/jhow/.m2/repository/org/slf4j/slf4j-jdk14/2.0.0-alpha1/slf4j-jdk14-2.0.0-alpha1.jar:/home/jhow/.m2/repository/org/slf4j/slf4j-api/2.0.0-alpha1/slf4j-api-2.0.0-alpha1.jar:/home/jhow/.m2/repository/com/google/guava/guava/28.2-jre/guava-28.2-jre.jar:/home/jhow/.m2/repository/com/google/guava/failureaccess/1.0.1/failureaccess-1.0.1.jar:/home/jhow/.m2/repository/com/google/guava/listenablefuture/9999.0-empty-to-avoid-conflict-with-guava/listenablefuture-9999.0-empty-to-avoid-conflict-with-guava.jar:/home/jhow/.m2/repository/com/google/code/findbugs/jsr305/3.0.2/jsr305-3.0.2.jar:/home/jhow/.m2/repository/org/checkerframework/checker-qual/2.10.0/checker-qual-2.10.0.jar:/home/jhow/.m2/repository/com/google/errorprone/error_prone_annotations/2.3.4/error_prone_annotations-2.3.4.jar:/home/jhow/.m2/repository/com/google/j2objc/j2objc-annotations/1.3/j2objc-annotations-1.3.jar:/home/jhow/.m2/repository/org/junit/jupiter/junit-jupiter-engine/5.5.2/junit-jupiter-engine-5.5.2.jar:/home/jhow/.m2/repository/org/apiguardian/apiguardian-api/1.1.0/apiguardian-api-1.1.0.jar:/home/jhow/.m2/repository/org/junit/platform/junit-platform-engine/1.5.2/junit-platform-engine-1.5.2.jar:/home/jhow/.m2/repository/org/opentest4j/opentest4j/1.2.0/opentest4j-1.2.0.jar:/home/jhow/.m2/repository/org/junit/platform/junit-platform-commons/1.5.2/junit-platform-commons-1.5.2.jar:/home/jhow/.m2/repository/org/junit/jupiter/junit-jupiter-api/5.5.2/junit-jupiter-api-5.5.2.jar:/home/jhow/.m2/repository/com/konghq/unirest-java/3.1.02/unirest-java-3.1.02.jar:/home/jhow/.m2/repository/org/apache/httpcomponents/httpclient/4.5.9/httpclient-4.5.9.jar:/home/jhow/.m2/repository/org/apache/httpcomponents/httpcore/4.4.11/httpcore-4.4.11.jar:/home/jhow/.m2/repository/commons-logging/commons-logging/1.2/commons-logging-1.2.jar:/home/jhow/.m2/repository/commons-codec/commons-codec/1.11/commons-codec-1.11.jar:/home/jhow/.m2/repository/org/apache/httpcomponents/httpmime/4.5.9/httpmime-4.5.9.jar:/home/jhow/.m2/repository/org/apache/httpcomponents/httpasyncclient/4.1.4/httpasyncclient-4.1.4.jar:/home/jhow/.m2/repository/org/apache/httpcomponents/httpcore-nio/4.4.10/httpcore-nio-4.4.10.jar:/home/jhow/.m2/repository/com/fatboyindustrial/gson-javatime-serialisers/gson-javatime-serialisers/1.1.1/gson-javatime-serialisers-1.1.1.jar:"/>
    <property name="java.vm.vendor" value="Ubuntu"/>
    <property name="sun.arch.data.model" value="64"/>
    <property name="java.vendor.url" value="https://ubuntu.com/"/>
    <property name="user.timezone" value="America/Sao_Paulo"/>
    <property name="java.vm.specification.version" value="11"/>
    <property name="os.name" value="Linux"/>
    <property name="user.country" value="BR"/>
    <property name="sun.java.launcher" value="SUN_STANDARD"/>
    <property name="sun.boot.library.path" value="/usr/lib/jvm/java-11-openjdk-amd64/lib"/>
    <property name="sun.java.command" value="/home/jhow/Documentos/Avaliação/backend/target/surefire/surefirebooter4989850083715970570.jar /home/jhow/Documentos/Avaliação/backend/target/surefire 2020-06-07T10-56-44_334-jvmRun1 surefire18165411627079528703tmp surefire_013344233183351007870tmp"/>
    <property name="jdk.debug" value="release"/>
    <property name="surefire.test.class.path" value="/home/jhow/Documentos/Avaliação/backend/target/test-classes:/home/jhow/Documentos/Avaliação/backend/target/classes:/home/jhow/.m2/repository/org/postgresql/postgresql/42.2.12/postgresql-42.2.12.jar:/home/jhow/.m2/repository/com/google/code/gson/gson/2.8.6/gson-2.8.6.jar:/home/jhow/.m2/repository/io/vertx/vertx-lang-js/3.9.1/vertx-lang-js-3.9.1.jar:/home/jhow/.m2/repository/io/vertx/vertx-core/3.9.1/vertx-core-3.9.1.jar:/home/jhow/.m2/repository/io/netty/netty-common/4.1.49.Final/netty-common-4.1.49.Final.jar:/home/jhow/.m2/repository/io/netty/netty-buffer/4.1.49.Final/netty-buffer-4.1.49.Final.jar:/home/jhow/.m2/repository/io/netty/netty-transport/4.1.49.Final/netty-transport-4.1.49.Final.jar:/home/jhow/.m2/repository/io/netty/netty-handler/4.1.49.Final/netty-handler-4.1.49.Final.jar:/home/jhow/.m2/repository/io/netty/netty-codec/4.1.49.Final/netty-codec-4.1.49.Final.jar:/home/jhow/.m2/repository/io/netty/netty-handler-proxy/4.1.49.Final/netty-handler-proxy-4.1.49.Final.jar:/home/jhow/.m2/repository/io/netty/netty-codec-socks/4.1.49.Final/netty-codec-socks-4.1.49.Final.jar:/home/jhow/.m2/repository/io/netty/netty-codec-http/4.1.49.Final/netty-codec-http-4.1.49.Final.jar:/home/jhow/.m2/repository/io/netty/netty-codec-http2/4.1.49.Final/netty-codec-http2-4.1.49.Final.jar:/home/jhow/.m2/repository/io/netty/netty-resolver/4.1.49.Final/netty-resolver-4.1.49.Final.jar:/home/jhow/.m2/repository/io/netty/netty-resolver-dns/4.1.49.Final/netty-resolver-dns-4.1.49.Final.jar:/home/jhow/.m2/repository/io/netty/netty-codec-dns/4.1.49.Final/netty-codec-dns-4.1.49.Final.jar:/home/jhow/.m2/repository/com/fasterxml/jackson/core/jackson-core/2.10.2/jackson-core-2.10.2.jar:/home/jhow/.m2/repository/com/fasterxml/jackson/core/jackson-databind/2.10.2/jackson-databind-2.10.2.jar:/home/jhow/.m2/repository/com/fasterxml/jackson/core/jackson-annotations/2.10.2/jackson-annotations-2.10.2.jar:/home/jhow/.m2/repository/io/vertx/vertx-lang-js-gen/3.9.1/vertx-lang-js-gen-3.9.1.jar:/home/jhow/.m2/repository/javax/javaee-web-api/7.0/javaee-web-api-7.0.jar:/home/jhow/.m2/repository/io/vertx/vertx-web/3.8.3/vertx-web-3.8.3.jar:/home/jhow/.m2/repository/io/vertx/vertx-web-common/3.8.3/vertx-web-common-3.8.3.jar:/home/jhow/.m2/repository/io/vertx/vertx-auth-common/3.8.3/vertx-auth-common-3.8.3.jar:/home/jhow/.m2/repository/io/vertx/vertx-bridge-common/3.8.3/vertx-bridge-common-3.8.3.jar:/home/jhow/.m2/repository/org/slf4j/slf4j-jdk14/2.0.0-alpha1/slf4j-jdk14-2.0.0-alpha1.jar:/home/jhow/.m2/repository/org/slf4j/slf4j-api/2.0.0-alpha1/slf4j-api-2.0.0-alpha1.jar:/home/jhow/.m2/repository/com/google/guava/guava/28.2-jre/guava-28.2-jre.jar:/home/jhow/.m2/repository/com/google/guava/failureaccess/1.0.1/failureaccess-1.0.1.jar:/home/jhow/.m2/repository/com/google/guava/listenablefuture/9999.0-empty-to-avoid-conflict-with-guava/listenablefuture-9999.0-empty-to-avoid-conflict-with-guava.jar:/home/jhow/.m2/repository/com/google/code/findbugs/jsr305/3.0.2/jsr305-3.0.2.jar:/home/jhow/.m2/repository/org/checkerframework/checker-qual/2.10.0/checker-qual-2.10.0.jar:/home/jhow/.m2/repository/com/google/errorprone/error_prone_annotations/2.3.4/error_prone_annotations-2.3.4.jar:/home/jhow/.m2/repository/com/google/j2objc/j2objc-annotations/1.3/j2objc-annotations-1.3.jar:/home/jhow/.m2/repository/org/junit/jupiter/junit-jupiter-engine/5.5.2/junit-jupiter-engine-5.5.2.jar:/home/jhow/.m2/repository/org/apiguardian/apiguardian-api/1.1.0/apiguardian-api-1.1.0.jar:/home/jhow/.m2/repository/org/junit/platform/junit-platform-engine/1.5.2/junit-platform-engine-1.5.2.jar:/home/jhow/.m2/repository/org/opentest4j/opentest4j/1.2.0/opentest4j-1.2.0.jar:/home/jhow/.m2/repository/org/junit/platform/junit-platform-commons/1.5.2/junit-platform-commons-1.5.2.jar:/home/jhow/.m2/repository/org/junit/jupiter/junit-jupiter-api/5.5.2/junit-jupiter-api-5.5.2.jar:/home/jhow/.m2/repository/com/konghq/unirest-java/3.1.02/unirest-java-3.1.02.jar:/home/jhow/.m2/repository/org/apache/httpcomponents/httpclient/4.5.9/httpclient-4.5.9.jar:/home/jhow/.m2/repository/org/apache/httpcomponents/httpcore/4.4.11/httpcore-4.4.11.jar:/home/jhow/.m2/repository/commons-logging/commons-logging/1.2/commons-logging-1.2.jar:/home/jhow/.m2/repository/commons-codec/commons-codec/1.11/commons-codec-1.11.jar:/home/jhow/.m2/repository/org/apache/httpcomponents/httpmime/4.5.9/httpmime-4.5.9.jar:/home/jhow/.m2/repository/org/apache/httpcomponents/httpasyncclient/4.1.4/httpasyncclient-4.1.4.jar:/home/jhow/.m2/repository/org/apache/httpcomponents/httpcore-nio/4.4.10/httpcore-nio-4.4.10.jar:/home/jhow/.m2/repository/com/fatboyindustrial/gson-javatime-serialisers/gson-javatime-serialisers/1.1.1/gson-javatime-serialisers-1.1.1.jar:"/>
    <property name="sun.cpu.endian" value="little"/>
    <property name="user.home" value="/home/jhow"/>
    <property name="user.language" value="pt"/>
    <property name="java.specification.vendor" value="Oracle Corporation"/>
    <property name="java.version.date" value="2020-04-14"/>
    <property name="java.home" value="/usr/lib/jvm/java-11-openjdk-amd64"/>
    <property name="file.separator" value="/"/>
    <property name="basedir" value="/home/jhow/Documentos/Avaliação/backend"/>
    <property name="java.vm.compressedOopsMode" value="32-bit"/>
    <property name="line.separator" value="&#10;"/>
    <property name="java.specification.name" value="Java Platform API Specification"/>
    <property name="java.vm.specification.vendor" value="Oracle Corporation"/>
    <property name="java.awt.graphicsenv" value="sun.awt.X11GraphicsEnvironment"/>
    <property name="surefire.real.class.path" value="/home/jhow/Documentos/Avaliação/backend/target/surefire/surefirebooter4989850083715970570.jar"/>
    <property name="sun.management.compiler" value="HotSpot 64-Bit Tiered Compilers"/>
    <property name="java.runtime.version" value="11.0.7+10-post-Ubuntu-3ubuntu1"/>
    <property name="user.name" value="jhow"/>
    <property name="path.separator" value=":"/>
    <property name="os.version" value="5.4.0-33-generic"/>
    <property name="java.runtime.name" value="OpenJDK Runtime Environment"/>
    <property name="file.encoding" value="UTF-8"/>
    <property name="sun.nio.ch.bugLevel" value=""/>
    <property name="java.vm.name" value="OpenJDK 64-Bit Server VM"/>
    <property name="io.netty.noJdkZlibDecoder" value="false"/>
    <property name="localRepository" value="/home/jhow/.m2/repository"/>
    <property name="java.vendor.url.bug" value="https://bugs.launchpad.net/ubuntu/+source/openjdk-lts"/>
    <property name="java.io.tmpdir" value="/tmp"/>
    <property name="java.version" value="11.0.7"/>
    <property name="user.dir" value="/home/jhow/Documentos/Avaliação/backend"/>
    <property name="os.arch" value="amd64"/>
    <property name="java.vm.specification.name" value="Java Virtual Machine Specification"/>
    <property name="java.awt.printerjob" value="sun.print.PSPrinterJob"/>
    <property name="sun.os.patch.level" value="unknown"/>
    <property name="java.library.path" value="/usr/java/packages/lib:/usr/lib/x86_64-linux-gnu/jni:/lib/x86_64-linux-gnu:/usr/lib/x86_64-linux-gnu:/usr/lib/jni:/lib:/usr/lib"/>
    <property name="java.vendor" value="Ubuntu"/>
    <property name="java.vm.info" value="mixed mode, sharing"/>
    <property name="java.vm.version" value="11.0.7+10-post-Ubuntu-3ubuntu1"/>
    <property name="sun.io.unicode.encoding" value="UnicodeLittle"/>
    <property name="java.class.version" value="55.0"/>
  </properties>
  <testcase name="saveTest" classname="alt.backend.TodosOsRecursosTest" time="0.623"/>
  <testcase name="findManyWithCursorTest" classname="alt.backend.TodosOsRecursosTest" time="0.235"/>
  <testcase name="findManyIdsTest" classname="alt.backend.TodosOsRecursosTest" time="0.027"/>
  <testcase name="findOneTest" classname="alt.backend.TodosOsRecursosTest" time="0.014"/>
  <testcase name="findManyTest" classname="alt.backend.TodosOsRecursosTest" time="0.022"/>
  <testcase name="createTest" classname="alt.backend.TodosOsRecursosTest" time="0.007"/>
  <testcase name="deleteTest" classname="alt.backend.TodosOsRecursosTest" time="0.013"/>
</testsuite>